24	4	3	2	0.0738889	0.012	4	260	1.77333
22	4	5	3	0.0822222	0.09	5	140	1.80889
24	6	6	0	0.0697757	0.036	5	260	1.67462
28	8	3	7	0.0928571	0.599	10	20	2.6
21	7	0	2	0.0889112	0.102	5	100	1.86714
26	7	5	1	0.0793878	0.194	7	80	2.06408
17	1	3	0	0.138827	0.291	4	20	2.36006
20	7	1	1	0.14321	0.556	5	20	2.8642
17	4	0	5	0.14825	0.333	4	20	2.52025
16	6	2	0	0.190557	0.587	3	20	3.04891
18	6	0	0	0.1872	0.797	4	20	3.3696
15	4	2	1	0.21585	0.644	3	20	3.23775
17	3	4	0	0.15587	0.397	4	20	2.64979
24	7	4	3	0.113025	0.497	7	20	2.71259
29	7	5	4	0.0650617	0.029	6	220	1.88679
28	13	2	2	0.0722222	0.277	9	80	2.02222
36	15	8	4	0.0622998	0.737	18	20	2.24279
40	13	8	3	0.0414286	0.042	10	700	1.65714
46	20	11	5	0.0361965	0.149	20	500	1.66504
39	12	10	3	0.0482653	0.169	13	260	1.88235
37	11	6	2	0.0572222	0.191	11	140	2.11722
37	11	11	2	0.065	0.426	13	40	2.405
33	10	5	4	0.09795	0.782	10	20	3.23235
26	4	4	1	0.0659341	0.013	4	340	1.71429
30	14	2	3	0.0843556	0.563	10	20	2.53067
22	3	2	3	0.08725	0.044	4	140	1.9195
28	3	4	7	0.0668945	0.033	5	260	1.87305
34	7	5	6	0.055679	0.058	8	300	1.89309
20	3	2	4	0.100802	0.072	4	80	2.01605
16	5	2	0	0.134444	0.258	4	20	2.15111
21	6	4	1	0.104842	0.402	6	40	2.20167
18	3	1	0	0.0981633	0.041	3	140	1.76694
20	7	1	0	0.0958058	0.14	4	100	1.91612
22	4	4	3	0.0891837	0.112	5	100	1.96204
18	5	0	1	0.0983333	0.019	2	160	1.77
22	9	0	0	0.116111	0.373	6	20	2.55444
17	3	4	0	0.1416	0.283	4	20	2.4072
15	2	2	2	0.111581	0.013	2	120	1.67371
18	3	2	2	0.101156	0.044	3	120	1.8208
15	1	2	0	0.10525	0.003	1	220	1.57875
19	3	1	2	0.085612	0.002	2	240	1.62663
22	5	1	3	0.0904321	0.064	4	120	1.98951
19	3	2	2	0.0959877	0.03	3	140	1.82377
23	6	4	1	0.07125	0.019	4	260	1.63875
28	6	4	6	0.0514418	0.002	4	780	1.44037
35	11	4	6	0.049898	0.049	9	420	1.74643
28	8	4	4	0.0598966	0.038	6	360	1.6771
33	10	5	5	0.0611224	0.23	11	120	2.01704
29	8	3	2	0.0702469	0.122	7	140	2.03716
24	6	3	3	0.110494	0.45	7	20	2.65185
25	8	2	1	0.0959	0.29	6	40	2.3975
23	3	5	2	0.0822968	0.048	4	160	1.89283
24	10	3	1	0.113867	0.61	7	20	2.7328
21	6	1	2	0.1041	0.145	4	60	2.1861
22	4	4	2	0.0931532	0.079	4	100	2.04937
27	5	5	2	0.0735802	0.09	6	140	1.98667
12	3	2	0	0.191049	0.246	2	20	2.29259
11	0	3	0	0.154028	0.044	1	80	1.69431
12	3	0	1	0.140975	0.044	2	60	1.69171
13	2	1	0	0.128673	0.022	2	80	1.67276
11	2	3	0	0.167193	0.111	2	40	1.83913
14	2	1	3	0.134592	0.085	2	60	1.88429
14	0	1	3	0.114691	0.003	1	180	1.60568
12	2	0	0	0.157037	0.072	2	40	1.88444
13	3	0	0	0.14285	0.046	2	60	1.85705
16	2	4	0	0.112064	0.027	2	120	1.79302
12	2	0	1	0.151644	0.073	2	40	1.81973
11	0	2	0	0.12735	0	1	140	1.40085
12	1	0	1	0.129991	0.009	1	120	1.5599
14	1	1	0	0.131667	0.045	2	80	1.84333
0	0	0	0	0	0	1	0	0
